
> visitiga-absensi@0.1.0 build
> next build

  ▲ Next.js 14.2.35
  - Environments: .env.local

   Creating an optimized production build ...
 ✓ Compiled successfully
   Linting and checking validity of types ...
It looks like you're trying to use TypeScript but do not have the required package(s) installed.
Installing dependencies

If you are not trying to use TypeScript, please remove the tsconfig.json file from your package root (and any TypeScript files in your pages directory).


Installing devDependencies (npm):
- typescript


up to date, audited 124 packages in 2s

24 packages are looking for funding
  run `npm fund` for details

3 vulnerabilities (1 moderate, 2 high)

To address all issues possible (including breaking changes), run:
  npm audit fix --force

Some issues need review, and may require choosing
a different dependency.

Run `npm audit` for details.

The "id" argument must be of type string. Received undefined
Next.js build worker exited with code: 1 and signal: null
